[28-Sep-2022 10:13:55 UTC] PHP Warning:  ftp_mkdir(): Directory with same name already exists. in C:\inetpub\wwwroot\jrpdatapoint\scheduler_scripts\connect_ftp.php on line 10
[29-Sep-2022 10:14:46 UTC] PHP Warning:  ftp_mkdir(): Directory with same name already exists. in C:\inetpub\wwwroot\jrpdatapoint\scheduler_scripts\connect_ftp.php on line 10
[30-Sep-2022 10:11:43 UTC] PHP Warning:  ftp_mkdir(): Directory with same name already exists. in C:\inetpub\wwwroot\jrpdatapoint\scheduler_scripts\connect_ftp.php on line 10
[01-Oct-2022 10:13:33 UTC] PHP Warning:  ftp_mkdir(): Directory with same name already exists. in C:\inetpub\wwwroot\jrpdatapoint\scheduler_scripts\connect_ftp.php on line 10
[02-Oct-2022 10:13:36 UTC] PHP Warning:  ftp_mkdir(): Directory with same name already exists. in C:\inetpub\wwwroot\jrpdatapoint\scheduler_scripts\connect_ftp.php on line 10
[03-Oct-2022 10:14:27 UTC] PHP Warning:  ftp_mkdir(): Directory with same name already exists. in C:\inetpub\wwwroot\jrpdatapoint\scheduler_scripts\connect_ftp.php on line 10
[04-Oct-2022 10:14:30 UTC] PHP Warning:  ftp_mkdir(): Directory with same name already exists. in C:\inetpub\wwwroot\jrpdatapoint\scheduler_scripts\connect_ftp.php on line 10
[05-Oct-2022 10:13:50 UTC] PHP Warning:  ftp_mkdir(): Directory with same name already exists. in C:\inetpub\wwwroot\jrpdatapoint\scheduler_scripts\connect_ftp.php on line 10
[05-Oct-2022 14:32:58 UTC] PHP Warning:  include_once(connect.php): failed to open stream: No such file or directory in C:\inetpub\wwwroot\jrpdatapoint\scheduler_scripts\generate_template_option1.php on line 3
[05-Oct-2022 14:32:58 UTC] PHP Warning:  include_once(): Failed opening 'connect.php' for inclusion (include_path='.;C:\php\pear') in C:\inetpub\wwwroot\jrpdatapoint\scheduler_scripts\generate_template_option1.php on line 3
[06-Oct-2022 09:56:44 UTC] PHP Warning:  include_once(connect.php): failed to open stream: No such file or directory in C:\inetpub\wwwroot\jrpdatapoint\scheduler_scripts\generate_template_option1.php on line 3
[06-Oct-2022 09:56:44 UTC] PHP Warning:  include_once(): Failed opening 'connect.php' for inclusion (include_path='.;C:\php\pear') in C:\inetpub\wwwroot\jrpdatapoint\scheduler_scripts\generate_template_option1.php on line 3
[07-Oct-2022 10:13:47 UTC] PHP Warning:  include_once(connect.php): failed to open stream: No such file or directory in C:\inetpub\wwwroot\jrpdatapoint\scheduler_scripts\generate_template_option1.php on line 3
[07-Oct-2022 10:13:47 UTC] PHP Warning:  include_once(): Failed opening 'connect.php' for inclusion (include_path='.;C:\php\pear') in C:\inetpub\wwwroot\jrpdatapoint\scheduler_scripts\generate_template_option1.php on line 3
[08-Oct-2022 10:15:07 UTC] PHP Warning:  include_once(connect.php): failed to open stream: No such file or directory in C:\inetpub\wwwroot\jrpdatapoint\scheduler_scripts\generate_template_option1.php on line 3
[08-Oct-2022 10:15:08 UTC] PHP Warning:  include_once(): Failed opening 'connect.php' for inclusion (include_path='.;C:\php\pear') in C:\inetpub\wwwroot\jrpdatapoint\scheduler_scripts\generate_template_option1.php on line 3
[09-Oct-2022 10:15:15 UTC] PHP Warning:  include_once(connect.php): failed to open stream: No such file or directory in C:\inetpub\wwwroot\jrpdatapoint\scheduler_scripts\generate_template_option1.php on line 3
[09-Oct-2022 10:15:15 UTC] PHP Warning:  include_once(): Failed opening 'connect.php' for inclusion (include_path='.;C:\php\pear') in C:\inetpub\wwwroot\jrpdatapoint\scheduler_scripts\generate_template_option1.php on line 3
[10-Oct-2022 10:14:16 UTC] PHP Warning:  include_once(connect.php): failed to open stream: No such file or directory in C:\inetpub\wwwroot\jrpdatapoint\scheduler_scripts\generate_template_option1.php on line 3
[10-Oct-2022 10:14:16 UTC] PHP Warning:  include_once(): Failed opening 'connect.php' for inclusion (include_path='.;C:\php\pear') in C:\inetpub\wwwroot\jrpdatapoint\scheduler_scripts\generate_template_option1.php on line 3
[11-Oct-2022 10:14:30 UTC] PHP Warning:  include_once(connect.php): failed to open stream: No such file or directory in C:\inetpub\wwwroot\jrpdatapoint\scheduler_scripts\generate_template_option1.php on line 3
[11-Oct-2022 10:14:30 UTC] PHP Warning:  include_once(): Failed opening 'connect.php' for inclusion (include_path='.;C:\php\pear') in C:\inetpub\wwwroot\jrpdatapoint\scheduler_scripts\generate_template_option1.php on line 3
[12-Oct-2022 10:15:24 UTC] PHP Warning:  include_once(connect.php): failed to open stream: No such file or directory in C:\inetpub\wwwroot\jrpdatapoint\scheduler_scripts\generate_template_option1.php on line 3
[12-Oct-2022 10:15:24 UTC] PHP Warning:  include_once(): Failed opening 'connect.php' for inclusion (include_path='.;C:\php\pear') in C:\inetpub\wwwroot\jrpdatapoint\scheduler_scripts\generate_template_option1.php on line 3
[13-Oct-2022 10:14:32 UTC] PHP Warning:  include_once(connect.php): failed to open stream: No such file or directory in C:\inetpub\wwwroot\jrpdatapoint\scheduler_scripts\generate_template_option1.php on line 3
[13-Oct-2022 10:14:32 UTC] PHP Warning:  include_once(): Failed opening 'connect.php' for inclusion (include_path='.;C:\php\pear') in C:\inetpub\wwwroot\jrpdatapoint\scheduler_scripts\generate_template_option1.php on line 3
[14-Oct-2022 09:59:51 UTC] PHP Warning:  include_once(connect.php): failed to open stream: No such file or directory in C:\inetpub\wwwroot\jrpdatapoint\scheduler_scripts\generate_template_option1.php on line 3
[14-Oct-2022 09:59:51 UTC] PHP Warning:  include_once(): Failed opening 'connect.php' for inclusion (include_path='.;C:\php\pear') in C:\inetpub\wwwroot\jrpdatapoint\scheduler_scripts\generate_template_option1.php on line 3
[15-Oct-2022 09:41:58 UTC] PHP Notice:  Undefined variable: f in C:\inetpub\wwwroot\jrpdatapoint\scheduler_scripts\general_ftp_export.php on line 122
[15-Oct-2022 09:41:58 UTC] PHP Warning:  fclose() expects parameter 1 to be resource, null given in C:\inetpub\wwwroot\jrpdatapoint\scheduler_scripts\general_ftp_export.php on line 122
[15-Oct-2022 09:41:58 UTC] PHP Warning:  include_once(connect.php): failed to open stream: No such file or directory in C:\inetpub\wwwroot\jrpdatapoint\scheduler_scripts\generate_template_option1.php on line 3
[15-Oct-2022 09:41:58 UTC] PHP Warning:  include_once(): Failed opening 'connect.php' for inclusion (include_path='.;C:\php\pear') in C:\inetpub\wwwroot\jrpdatapoint\scheduler_scripts\generate_template_option1.php on line 3
[16-Oct-2022 09:41:10 UTC] PHP Notice:  Undefined variable: f in C:\inetpub\wwwroot\jrpdatapoint\scheduler_scripts\general_ftp_export.php on line 122
[16-Oct-2022 09:41:10 UTC] PHP Warning:  fclose() expects parameter 1 to be resource, null given in C:\inetpub\wwwroot\jrpdatapoint\scheduler_scripts\general_ftp_export.php on line 122
[16-Oct-2022 09:41:10 UTC] PHP Warning:  include_once(connect.php): failed to open stream: No such file or directory in C:\inetpub\wwwroot\jrpdatapoint\scheduler_scripts\generate_template_option1.php on line 3
[16-Oct-2022 09:41:10 UTC] PHP Warning:  include_once(): Failed opening 'connect.php' for inclusion (include_path='.;C:\php\pear') in C:\inetpub\wwwroot\jrpdatapoint\scheduler_scripts\generate_template_option1.php on line 3
[17-Oct-2022 09:40:27 UTC] PHP Notice:  Undefined variable: f in C:\inetpub\wwwroot\jrpdatapoint\scheduler_scripts\general_ftp_export.php on line 122
[17-Oct-2022 09:40:27 UTC] PHP Warning:  fclose() expects parameter 1 to be resource, null given in C:\inetpub\wwwroot\jrpdatapoint\scheduler_scripts\general_ftp_export.php on line 122
[17-Oct-2022 09:40:27 UTC] PHP Warning:  include_once(connect.php): failed to open stream: No such file or directory in C:\inetpub\wwwroot\jrpdatapoint\scheduler_scripts\generate_template_option1.php on line 3
[17-Oct-2022 09:40:27 UTC] PHP Warning:  include_once(): Failed opening 'connect.php' for inclusion (include_path='.;C:\php\pear') in C:\inetpub\wwwroot\jrpdatapoint\scheduler_scripts\generate_template_option1.php on line 3
